5.487325
5.849264
11.893991
12.673357
7.553527
8.733925
13.572687
13.263352
10.949281
9.539810
12.669104
6.217224
5.567842
8.049255
3.865251
9.227191
8.805519
12.346496
11.731341
9.223309
9.712031
10.768362
13.218616
8.732079
10.853465
10.462948
14.006881
13.377430
7.875307
14.386040
8.201171
11.081847
12.071462
11.823755
9.546197
8.884261
14.369053
6.232761
8.927464
12.013484
10.531266
12.187795
6.343460
6.922044
14.325708
3.413241
10.610566
10.997459
10.309942
10.730835
17.025140
11.853392
8.559256
9.903310
16.661972
8.053209
12.931499
10.511611
7.071324
8.024110
-0.411357
9.562601
9.609774
8.672738
13.221597
10.359714
5.682693
13.009277
12.081062
8.800072
8.026794
9.102703
6.678992
13.491497
14.080203
5.165956
7.255532
14.145330
4.852489
6.863528
12.733362
8.579809
11.788006
9.452526
7.403835
9.669799
7.150293
7.457989
7.715135
10.069198
11.255109
7.951687
14.041695
8.026859
9.350886
12.771876
5.908568
7.538176
12.308058
8.465317
8.434226
8.505222
7.661568
8.803369
14.420320
8.222892
7.510076
9.473811
3.970324
13.856147
8.101539
12.899818
7.550795
9.559125
8.108865
8.226626
10.614546
7.023905
4.977733
9.141748
10.484275
11.353775
6.655381
7.499175
12.708248
10.542847
10.189626
11.765923
11.425118
11.975705
6.738793
6.494111
12.617257
8.949463
7.411879
11.279544
11.687520
13.219670
7.617812
14.646162
13.417051
10.180776
10.345327
5.151262
7.879753
11.987142
8.259293
12.451335
8.873157
9.805377
15.248302
11.292614
6.356460
8.607258
11.073740
13.472904
5.491269
4.425226
6.751670
8.608791
12.180559
8.768361
10.506402
13.888744
4.667577
9.082259
9.202404
11.400502
13.905760
9.742786
14.010219
13.717608
10.234140
17.455601
8.195833
14.217248
5.089186
6.549539
10.294776
11.857204
9.735999
12.085674
13.709858
9.878934
8.178170
10.619382
9.186610
11.437964
15.013176
15.328260
13.194912
7.364618
11.342508
8.612810
11.652614
16.753020
9.103345
10.211620
14.603890
6.679143
14.054817
15.167426
10.707131
7.669357
6.886967
7.266935
3.698042
7.291412
11.933959
5.568255
10.960047
8.196565
9.085104
7.302945
11.497288
13.594288
11.231038
16.863067
13.765066
12.892504
8.595624
13.942367
8.193946
4.217502
9.420965
11.641187
12.703038
16.762085
14.817310
5.666562
9.984488
11.636817
10.542460
10.520683
9.342589
15.556831
16.910638
7.204716
8.545068
13.156020
11.446989
8.552121
13.260419
7.686811
1.315515
9.647500
9.477273
13.140191
6.463566
14.464013
5.978554
6.259250
11.725026
6.881071
9.407553
8.907354
7.911623
9.445296
10.004349
9.249894
6.600112
8.385485
7.026430
12.663544
12.760067
7.014773
11.923813
14.078919
12.957969
8.334612
8.266756
7.994578
10.083000
6.343784
10.878739
10.634535
7.276700
8.709346
14.944989
8.274101
8.600035
11.238494
4.936759
13.520124
9.437055
7.445367
8.864543
11.825589
12.364848
11.125915
13.788843
10.758439
11.239057
10.828794
8.864135
5.798681
13.915480
12.234879
10.806443
6.387912
13.445556
10.342766
10.157863
12.162886
9.202330
12.832558
7.196460
17.240586
8.211730
9.264337
10.809134
15.103365
12.062990
8.354115
13.467370
3.346706
7.369079
10.888208
8.983647
8.655924
8.415747
13.809213
15.346390
7.493211
10.970153
15.760473
15.743549
9.601298
7.762805
8.132094
11.532372
12.900493
7.421468
9.871357
17.798864
15.958857
8.252179
3.463009
12.403028
11.062220
8.209415
10.050612
10.917528
9.153753
10.133604
5.545373
5.709933
7.397769
10.531158
9.881643
8.594571
3.130933
12.032479
11.430063
8.188967
6.619899
9.445229
13.342414
14.953854
13.027742
12.075785
15.508790
11.439359
12.595432
12.921957
9.438653
10.155255
11.606802
13.434654
7.155384
5.924953
7.988420
5.650912
11.864903
5.087638
15.948923
10.596536
7.977959
7.231356
10.167847
6.985480
11.382194
10.530075
14.636394
5.300282
6.646852
8.447459
10.550546
13.798754
7.168215
7.837754
9.624301
9.210860
9.556741
14.416527
8.005754
12.039135
16.101132
8.043740
6.821482
13.290325
7.254450
13.085434
8.715239
16.414518
6.419850
12.118465
11.893800
9.535322
10.199583
12.087687
10.809338
15.098385
6.864281
7.700280
8.739766
9.372194
7.557122
8.226366
8.355824
7.231508
9.317342
6.541270
12.685841
7.796448
12.036746
10.898870
11.140583
12.087292
6.712284
14.371534
11.515956
4.434137
13.636613
12.565780
9.434437
8.586419
10.026512
4.601071
13.154505
4.874263
14.542125
10.851166
7.972395
11.893837
7.905162
7.119613
5.906896
12.701227
7.300687
14.024611
9.353651
12.507923
14.881164
8.324399
8.599557
13.610860
13.990376
10.127678
8.167698
9.322894
15.327531
12.504432
7.173683
3.740676
9.786573
11.842568
8.671424
16.174720
9.439810
12.824409
11.240377
7.803522
11.862824
10.124415
7.256173
6.548355
8.900297
6.192907
11.246446
10.163925
7.222128
14.022977
11.230345
11.076580
11.570003
13.361587
12.486228
7.683753
9.234086
8.551782
13.029050
10.293037
5.013796
7.111349
7.550247
15.101392
3.237843
9.903205
8.951262
8.200770
11.700592
4.926653
12.386239
10.981483
4.009996
12.193240
5.698131
15.727541
9.056580
9.664669
7.677442
8.233808
10.196250
7.285583
12.672016
7.649895
10.340876
5.708263
14.405696
10.755870
13.089158
9.331163
7.627464
9.225436
10.422817
11.713702
10.759630
13.865322
12.366721
8.072716
8.909000
9.030488
9.277107
8.824416
11.682679
12.240607
9.073507
13.796326
7.760017
5.453751
10.704407
10.695441
10.457509
7.384605
11.984841
9.546385
6.474410
1.384681
6.582780
11.982451
9.399012
9.187258
11.812829
9.905285
6.378450
14.348719
8.352215
13.098748
12.198520
8.884209
8.786253
7.082634
9.031504
6.017353
7.349803
9.168054
11.736475
12.177648
13.288201
4.298993
8.025238
7.697168
5.895241
7.975097
9.496953
12.584741
14.586396
14.786813
14.045739
12.770098
10.561459
9.244158
12.510060
6.333348
5.581852
8.027103
9.397599
5.160925
10.094612
4.936367
8.930038
10.059083
8.137235
6.142812
11.468076
9.955352
9.164970
7.568548
12.071922
4.719105
9.174942
10.099412
15.517087
2.116408
11.639198
14.800473
10.417862
13.612570
10.796155
12.659321
6.177926
16.782854
13.160900
7.288111
15.790333
7.148826
10.670620
14.391840
15.603089
5.977486
10.471835
5.631437
11.060472
12.656297
9.816225
8.890729
11.041767
10.685562
9.835495
10.300036
7.992232
8.240157
6.941579
15.443677
16.653003
14.244588
13.863066
10.969791
5.432544
4.047376
14.670900
7.022437
14.562068
12.468138
9.954840
9.210109
10.332484
16.020527
8.669097
8.952482
12.597829
13.851274
16.238517
6.075038
11.798629
8.740990
9.736471
3.054848
6.375360
11.084779
7.630392
9.819954
9.149911
15.439717
2.303446
5.339510
11.317318
13.165211
4.873221
9.138043
7.897708
11.084711
4.896663
9.531117
10.975714
6.557556
7.487934
8.931844
14.248283
9.618283
11.145520
8.920688
7.078879
8.975197
9.775464
15.161102
7.532488
14.877431
9.221454
10.684307
12.155928
10.450826
11.924133
8.835474
7.192607
13.805585
9.005557
16.614918
6.780138
9.456563
13.825448
7.994825
9.551450
9.096918
8.753158
8.338478
10.425954
13.227413
7.996895
11.566217
14.533660
16.703656
10.937862
6.910068
11.291901
11.944354
8.789816
14.870036
10.528553
6.776314
8.838343
10.597699
12.775942
10.178599
12.297195
14.589260
9.928245
12.958513
8.115074
13.017817
14.036188
7.236907
7.323263
9.921040
6.490430
11.051810
12.269452
9.268688
10.944214
8.968926
6.322100
9.921410
7.896606
11.511956
13.956813
9.569702
10.881354
11.439365
14.108521
15.544667
7.841249
9.580945
8.851395
12.896856
9.803822
12.660872
9.196059
8.265070
10.549995
8.112423
13.784188
7.975816
9.353584
9.280129
14.536409
10.579680
11.924034
7.908532
13.588177
13.386921
13.536924
14.189580
13.642549
2.725481
8.134996
8.262549
12.644566
11.441980
10.520363
5.551823
9.797524
8.815689
13.438072
12.805188
9.372733
13.254383
7.635531
10.764274
12.852766
12.167392
9.579308
4.117745
8.174009
5.913150
9.766380
12.108990
12.745479
15.266328
11.504245
13.496670
9.611694
14.684136
9.520558
2.553659
5.786924
14.372073
7.453050
13.515123
13.346313
9.717182
12.566300
7.681123
11.122861
10.117490
11.569554
7.745134
14.818495
7.688933
9.881816
18.193483
7.631271
12.580927
13.370255
2.737673
9.529575
7.577017
6.228068
14.916596
11.929056
7.756038
9.208457
9.414206
7.928105
9.788298
7.703043
11.760170
5.446973
8.616801
11.036993
14.268943
6.024577
11.442676
8.622429
10.799594
7.536779
9.664622
13.824211
6.141803
6.079980
16.859458
4.062365
7.835009
8.966000
9.311128
6.707603
11.829238
6.752072
10.554098
7.127211
12.051112
9.769919
11.311649
11.738158
10.246327
7.528512
6.244848
6.236784
12.397049
15.812046
9.319572
10.982228
8.642896
10.619484
12.058566
13.587281
11.671667
8.883316
9.472526
7.519221
8.750727
9.313417
12.525878
6.889903
5.770665
6.957408
11.401193
8.896291
10.575004
12.987648
4.998525
12.915128
8.012184
7.728164
13.027825
8.893607
10.378674
7.146981
8.859267
3.364097
9.749892
9.433771
6.840333
7.008449
9.405304
11.923272
7.841213
9.708885
7.696240
13.168825
10.052401
9.638000
12.462720
11.997481
9.845603
8.743935
3.146077
6.690967
7.989807
20.045317
14.791638
9.053739
9.639192
7.738794
9.157060
9.660806
7.298742
6.624415
8.459804
9.064066
10.963373
10.298496
10.615943
6.031755
9.434227
8.685405
13.789033
7.089345
11.957532
4.740971
8.539121
12.950346
11.613450
7.318242
11.749008
7.463488
13.191771
9.417761
9.590917
8.055154
8.691326
11.114328
8.717824
2.769960
8.113906
8.053032
9.197183
10.075063
12.843072
6.253706
8.595195
6.770581
15.761809
14.866378
8.207066
9.762337
12.240511
5.727929
12.325568
6.934955
11.874820
12.679345
8.671907
2.548100
9.068824
3.236803
6.412789
9.961665
16.231392
6.845861
10.235434
8.512488
8.401400
9.265861
5.777602
6.936815
11.966863
12.417341
10.740396
10.786446
4.416863
10.409686
9.522086
5.782615
6.061339
8.720845
15.308492
8.707458
8.609803
9.936242
