  136.6    79.2
  127.8    67.4
  240.8    74.2
   27.2    77.9
  237.8    82.0
   32.1    55.0
  107.5    83.5
  359.6    79.9
  113.3    55.3
  279.0    79.8
   83.2    68.8
  167.0    74.3
  172.8    82.0
   67.4    85.9
  277.4    68.7
    1.4    68.1
  277.9    79.4
  344.8    77.0
  251.3    66.0
  131.2    74.1
  174.2    71.2
   11.3    74.1
  235.5    85.3
  310.4    76.9
  261.0    74.4
  286.5    56.3
  124.2    75.1
  229.1    79.0
  244.9    76.9
  217.0    65.9
   29.1    80.7
  159.3    70.0
  252.8    83.6
  358.9    81.7
   34.6    87.3
  212.1    73.9
   17.9    73.6
   66.8    77.7
  217.2    71.3
  324.6    85.9
   38.7    72.5
  122.5    71.6
  164.4    82.7
   77.3    80.0
  295.7    81.8
   19.2    69.1
  200.2    83.4
  252.1    86.8
   29.9    75.5
  214.3    77.8
  134.9    79.1
  220.1    63.3
   42.0    71.7
   59.3    79.6
  197.8    78.6
    6.7    76.4
   19.5    71.6
   58.7    67.7
   42.4    71.3
   16.0    83.9
   57.9    70.3
  317.3    60.0
  278.4    69.0
  250.3    78.7
  221.7    60.6
   61.8    79.1
  311.6    73.5
  115.2    73.3
  249.9    84.3
  113.9    73.8
  153.2    75.8
  208.6    73.9
  231.8    75.5
  295.5    61.5
  288.5    81.3
  352.2    81.2
  148.8    68.2
   62.3    63.7
  274.3    74.8
  303.5    74.1
  150.8    62.8
  150.6    62.1
   90.5    67.1
   55.5    82.8
  234.2    72.0
  321.2    66.0
   91.4    72.4
  345.2    67.8
  230.7    70.5
  241.1    78.9
  298.0    82.9
  251.2    73.8
  259.6    75.3
  295.1    84.7
  128.2    88.0
  136.7    74.1
  249.0    78.1
   89.0    76.2
  344.0    73.2
  147.0    75.2
